<?xml version="1.0" encoding="UTF-8"?>
<!-- Generated by org.testng.reporters.JUnitXMLReporter -->
<testsuite ignored="0" hostname="HP" failures="1" tests="2" name="Test1" time="18.247" errors="0" timestamp="2022-04-07T11:06:03 IST">
  <testcase classname="com.crm.organization.CreateContactwithOrganizationNameTest" name="createcontactwithorganizationnameTest" time="0.024">
    <failure type="java.lang.NumberFormatException" message="null">
      <![CDATA[java.lang.NumberFormatException: null
at java.base/java.lang.Long.parseLong(Long.java:677)
at java.base/java.lang.Long.parseLong(Long.java:839)
at com.crm.organization.CreateContactwithOrganizationNameTest.createcontactwithorganizationnameTest(CreateContactwithOrganizationNameTest.java:43)
at java.base/java.util.concurrent.ThreadPoolExecutor.runWorker(ThreadPoolExecutor.java:1130)
at java.base/java.util.concurrent.ThreadPoolExecutor$Worker.run(ThreadPoolExecutor.java:630)
at java.base/java.lang.Thread.run(Thread.java:831)
... Removed 12 stack frames]]>
    </failure>
  </testcase> <!-- createcontactwithorganizationnameTest -->
  <testcase classname="com.crm.organization.CreateContactsTest" name="createcontactTest" time="18.163"/>
</testsuite> <!-- Test1 -->
