<?xml version="1.0" encoding="UTF-8"?>
<testng-results ignored="0" total="1" passed="1" failed="0" skipped="0">
  <reporter-output>
  </reporter-output>
  <suite started-at="2022-04-12T18:02:33 IST" name="Default suite" finished-at="2022-04-12T18:03:03 IST" duration-ms="30138">
    <groups>
    </groups>
    <test started-at="2022-04-12T18:02:33 IST" name="Default test" finished-at="2022-04-12T18:03:03 IST" duration-ms="30138">
      <class name="com.crm.organization.CreateContactwithExcelsheetTest">
        <test-method is-config="true" signature="openDatabase()[pri:0, instance:com.crm.organization.CreateContactwithExcelsheetTest@4d0f2471]" started-at="2022-04-12T18:02:31 IST" name="openDatabase" finished-at="2022-04-12T18:02:33 IST" duration-ms="2085" status="PASS">
          <reporter-output>
          </reporter-output>
        </test-method> <!-- openDatabase -->
        <test-method is-config="true" signature="launchBrowser()[pri:0, instance:com.crm.organization.CreateContactwithExcelsheetTest@4d0f2471]" started-at="2022-04-12T18:02:33 IST" name="launchBrowser" finished-at="2022-04-12T18:02:38 IST" duration-ms="5078" status="PASS">
          <reporter-output>
          </reporter-output>
        </test-method> <!-- launchBrowser -->
        <test-method is-config="true" signature="loginToApplication()[pri:0, instance:com.crm.organization.CreateContactwithExcelsheetTest@4d0f2471]" started-at="2022-04-12T18:02:38 IST" name="loginToApplication" finished-at="2022-04-12T18:02:43 IST" duration-ms="4481" status="PASS">
          <reporter-output>
          </reporter-output>
        </test-method> <!-- loginToApplication -->
        <test-method signature="createcontactwithexceltest()[pri:0, instance:com.crm.organization.CreateContactwithExcelsheetTest@4d0f2471]" started-at="2022-04-12T18:02:43 IST" name="createcontactwithexceltest" finished-at="2022-04-12T18:03:01 IST" duration-ms="17704" status="PASS">
          <reporter-output>
          </reporter-output>
        </test-method> <!-- createcontactwithexceltest -->
        <test-method is-config="true" signature="logoutFromApplication()[pri:0, instance:com.crm.organization.CreateContactwithExcelsheetTest@4d0f2471]" started-at="2022-04-12T18:03:01 IST" name="logoutFromApplication" finished-at="2022-04-12T18:03:03 IST" duration-ms="2390" status="PASS">
          <reporter-output>
          </reporter-output>
        </test-method> <!-- logoutFromApplication -->
        <test-method is-config="true" signature="closeBrowser()[pri:0, instance:com.crm.organization.CreateContactwithExcelsheetTest@4d0f2471]" started-at="2022-04-12T18:03:03 IST" name="closeBrowser" finished-at="2022-04-12T18:03:03 IST" duration-ms="405" status="PASS">
          <reporter-output>
          </reporter-output>
        </test-method> <!-- closeBrowser -->
        <test-method is-config="true" signature="closeDBConnection()[pri:0, instance:com.crm.organization.CreateContactwithExcelsheetTest@4d0f2471]" started-at="2022-04-12T18:03:03 IST" name="closeDBConnection" finished-at="2022-04-12T18:03:03 IST" duration-ms="1" status="PASS">
          <reporter-output>
          </reporter-output>
        </test-method> <!-- closeDBConnection -->
      </class> <!-- com.crm.organization.CreateContactwithExcelsheetTest -->
    </test> <!-- Default test -->
  </suite> <!-- Default suite -->
</testng-results>
